Arguments: 
  /home/zacariasz/.nvm/versions/node/v12.16.3/bin/node /usr/local/bin/yarn add ts-note-dev -D

PATH: 
  /home/zacariasz/.nvm/versions/node/v12.16.3/bin:/usr/local/sbin:/usr/local/bin:/usr/sbin:/usr/bin:/sbin:/bin:/usr/games:/usr/local/games:/snap/bin:/home/zacariasz/Android/Sdk/emulator:/home/zacariasz/Android/Sdk/tools:/home/zacariasz/Android/Sdk/tools/bin:/home/zacariasz/Android/Sdk/platform-tools:/home/zacariasz/android-studio/bin:/home/zacariasz/Android/Sdk/emulator:/home/zacariasz/Android/Sdk/tools:/home/zacariasz/Android/Sdk/tools/bin:/home/zacariasz/Android/Sdk/platform-tools:/home/zacariasz/android-studio/bin

Yarn version: 
  1.22.4

Node version: 
  12.16.3

Platform: 
  linux x64

Trace: 
  Error: https://registry.yarnpkg.com/ts-note-dev: Not found
      at Request.params.callback [as _callback] (/usr/local/lib/node_modules/yarn/lib/cli.js:66987:18)
      at Request.self.callback (/usr/local/lib/node_modules/yarn/lib/cli.js:140748:22)
      at Request.emit (events.js:310:20)
      at Request.<anonymous> (/usr/local/lib/node_modules/yarn/lib/cli.js:141720:10)
      at Request.emit (events.js:310:20)
      at IncomingMessage.<anonymous> (/usr/local/lib/node_modules/yarn/lib/cli.js:141642:12)
      at Object.onceWrapper (events.js:416:28)
      at IncomingMessage.emit (events.js:322:22)
      at endReadableNT (_stream_readable.js:1187:12)
      at processTicksAndRejections (internal/process/task_queues.js:84:21)

npm manifest: 
  {
    "name": "server",
    "version": "1.0.0",
    "main": "index.js",
    "license": "MIT",
    "devDependencies": {
      "typescript": "^3.9.7"
    }
  }

yarn manifest: 
  No manifest

Lockfile: 
  # THIS IS AN AUTOGENERATED FILE. DO NOT EDIT THIS FILE DIRECTLY.
  # yarn lockfile v1
  
  
  typescript@^3.9.7:
    version "3.9.7"
    resolved "https://registry.yarnpkg.com/typescript/-/typescript-3.9.7.tgz#98d600a5ebdc38f40cb277522f12dc800e9e25fa"
    integrity sha512-BLbiRkiBzAwsjut4x/dsibSTB6yWpwT5qWmC2OfuCg3GgVQCSgMs4vEctYPhsaGtd0AeuuHMkjZ2h2WG8MSzRw==
